<?xml version="1.0" encoding="UTF-8"?>
<!-- Generated by org.testng.reporters.JUnitXMLReporter -->
<testsuite ignored="0" hostname="BINTERNS-QA50L" failures="1" tests="21" name="Default test" time="185.215" errors="0" timestamp="2023-05-12T15:26:44 IST">
  <testcase classname="Zomato.ZomatoTest2" name="searchlocationfunctionality1" time="4.252"/>
  <testcase classname="Zomato.ZomatoTest2" name="signupfunctionality" time="23.944"/>
  <testcase classname="Zomato.ZomatoTest2" name="signupfunctionality2" time="7.997"/>
  <testcase classname="Zomato.ZomatoTest2" name="signupfunctionality3" time="10.57"/>
  <testcase classname="Zomato.ZomatoTest2" name="signupfunctionality4" time="7.864"/>
  <testcase classname="Zomato.ZomatoTest2" name="signupfunctionality5" time="4.537"/>
  <testcase classname="Zomato.ZomatoTest2" name="signupfunctionality6" time="8.363">
    <failure type="java.lang.AssertionError" message="expected [false] but found [true]">
      <![CDATA[java.lang.AssertionError: expected [false] but found [true]
at org.testng.Assert.fail(Assert.java:110)
at org.testng.Assert.failNotEquals(Assert.java:1577)
at org.testng.Assert.assertEqualsImpl(Assert.java:149)
at org.testng.Assert.assertEquals(Assert.java:131)
at org.testng.Assert.assertEquals(Assert.java:1066)
at org.testng.Assert.assertEquals(Assert.java:1030)
at org.testng.Assert.assertEquals(Assert.java:1076)
at Zomato.ZomatoTest2.signupfunctionality6(ZomatoTest2.java:143)
at java.base/jdk.internal.reflect.NativeMethodAccessorImpl.invoke0(Native Method)
at java.base/jdk.internal.reflect.NativeMethodAccessorImpl.invoke(NativeMethodAccessorImpl.java:77)
at java.base/jdk.internal.reflect.DelegatingMethodAccessorImpl.invoke(DelegatingMethodAccessorImpl.java:43)
at java.base/java.lang.reflect.Method.invoke(Method.java:568)
at org.testng.internal.invokers.MethodInvocationHelper.invokeMethod(MethodInvocationHelper.java:139)
at org.testng.internal.invokers.TestInvoker.invokeMethod(TestInvoker.java:677)
at org.testng.internal.invokers.TestInvoker.invokeTestMethod(TestInvoker.java:221)
at org.testng.internal.invokers.MethodRunner.runInSequence(MethodRunner.java:50)
at org.testng.internal.invokers.TestInvoker$MethodInvocationAgent.invoke(TestInvoker.java:969)
at org.testng.internal.invokers.TestInvoker.invokeTestMethods(TestInvoker.java:194)
at org.testng.internal.invokers.TestMethodWorker.invokeTestMethods(TestMethodWorker.java:148)
at org.testng.internal.invokers.TestMethodWorker.run(TestMethodWorker.java:128)
at java.base/java.util.ArrayList.forEach(ArrayList.java:1511)
at org.testng.TestRunner.privateRun(TestRunner.java:829)
at org.testng.TestRunner.run(TestRunner.java:602)
at org.testng.SuiteRunner.runTest(SuiteRunner.java:437)
at org.testng.SuiteRunner.runSequentially(SuiteRunner.java:431)
at org.testng.SuiteRunner.privateRun(SuiteRunner.java:391)
at org.testng.SuiteRunner.run(SuiteRunner.java:330)
at org.testng.SuiteRunnerWorker.runSuite(SuiteRunnerWorker.java:52)
at org.testng.SuiteRunnerWorker.run(SuiteRunnerWorker.java:95)
at org.testng.TestNG.runSuitesSequentially(TestNG.java:1256)
at org.testng.TestNG.runSuitesLocally(TestNG.java:1176)
at org.testng.TestNG.runSuites(TestNG.java:1099)
at org.testng.TestNG.run(TestNG.java:1067)
at org.testng.remote.AbstractRemoteTestNG.run(AbstractRemoteTestNG.java:115)
at org.testng.remote.RemoteTestNG.initAndRun(RemoteTestNG.java:251)
at org.testng.remote.RemoteTestNG.main(RemoteTestNG.java:77)
]]>
    </failure>
  </testcase> <!-- signupfunctionality6 -->
  <testcase classname="Zomato.ZomatoTest2" name="loginfunctionality1" time="16.008"/>
  <testcase classname="Zomato.ZomatoTest2" name="loginfunctionality2" time="19.863"/>
  <testcase classname="Zomato.ZomatoTest2" name="loginfunctionality3" time="13.757"/>
  <testcase classname="Zomato.ZomatoTest2" name="loginfunctionality4" time="2.472"/>
  <testcase classname="Zomato.ZomatoTest2" name="loginfunctionality5" time="18.296"/>
  <testcase classname="Zomato.ZomatoTest2" name="loginfunctionality6" time="11.079"/>
  <testcase classname="Zomato.ZomatoTest2" name="signupui1" time="7.116"/>
  <testcase classname="Zomato.ZomatoTest2" name="signupui2" time="3.039"/>
  <testcase classname="Zomato.ZomatoTest2" name="signupui3" time="3.046"/>
  <testcase classname="Zomato.ZomatoTest2" name="signupui4" time="3.045"/>
  <testcase classname="Zomato.ZomatoTest2" name="signupui5" time="3.047"/>
  <testcase classname="Zomato.ZomatoTest2" name="signupui6" time="3.041"/>
  <testcase classname="Zomato.ZomatoTest2" name="signupui7" time="3.044"/>
  <testcase classname="Zomato.ZomatoTest2" name="signupui8" time="3.043"/>
</testsuite> <!-- Default test -->
