<?xml version="1.0" encoding="UTF-8"?>
<testng-results ignored="0" total="21" passed="20" failed="1" skipped="0">
  <reporter-output>
  </reporter-output>
  <suite started-at="2023-05-12T15:23:39 IST" name="Default suite" finished-at="2023-05-12T15:26:44 IST" duration-ms="185215">
    <groups>
    </groups>
    <test started-at="2023-05-12T15:23:39 IST" name="Default test" finished-at="2023-05-12T15:26:44 IST" duration-ms="185215">
      <class name="Zomato.ZomatoTest2">
        <test-method is-config="true" signature="Launch()[pri:0, instance:Zomato.ZomatoTest2@53fe15ff]" started-at="2023-05-12T15:23:39 IST" name="Launch" finished-at="2023-05-12T15:23:46 IST" duration-ms="7388" status="PASS">
          <reporter-output>
          </reporter-output>
        </test-method> <!-- Launch -->
        <test-method signature="searchlocationfunctionality1()[pri:1, instance:Zomato.ZomatoTest2@53fe15ff]" started-at="2023-05-12T15:23:46 IST" name="searchlocationfunctionality1" finished-at="2023-05-12T15:23:51 IST" duration-ms="4252" status="PASS">
          <reporter-output>
          </reporter-output>
        </test-method> <!-- searchlocationfunctionality1 -->
        <test-method signature="signupfunctionality()[pri:2, instance:Zomato.ZomatoTest2@53fe15ff]" started-at="2023-05-12T15:23:51 IST" name="signupfunctionality" finished-at="2023-05-12T15:24:15 IST" duration-ms="23944" status="PASS">
          <reporter-output>
          </reporter-output>
        </test-method> <!-- signupfunctionality -->
        <test-method signature="signupfunctionality2()[pri:3, instance:Zomato.ZomatoTest2@53fe15ff]" started-at="2023-05-12T15:24:15 IST" name="signupfunctionality2" finished-at="2023-05-12T15:24:23 IST" duration-ms="7997" status="PASS">
          <reporter-output>
          </reporter-output>
        </test-method> <!-- signupfunctionality2 -->
        <test-method signature="signupfunctionality3()[pri:4, instance:Zomato.ZomatoTest2@53fe15ff]" started-at="2023-05-12T15:24:23 IST" name="signupfunctionality3" finished-at="2023-05-12T15:24:33 IST" duration-ms="10570" status="PASS">
          <reporter-output>
          </reporter-output>
        </test-method> <!-- signupfunctionality3 -->
        <test-method signature="signupfunctionality4()[pri:5, instance:Zomato.ZomatoTest2@53fe15ff]" started-at="2023-05-12T15:24:33 IST" name="signupfunctionality4" finished-at="2023-05-12T15:24:41 IST" duration-ms="7864" status="PASS">
          <reporter-output>
          </reporter-output>
        </test-method> <!-- signupfunctionality4 -->
        <test-method signature="signupfunctionality5()[pri:6, instance:Zomato.ZomatoTest2@53fe15ff]" started-at="2023-05-12T15:24:41 IST" name="signupfunctionality5" finished-at="2023-05-12T15:24:46 IST" duration-ms="4537" status="PASS">
          <reporter-output>
          </reporter-output>
        </test-method> <!-- signupfunctionality5 -->
        <test-method signature="signupfunctionality6()[pri:7, instance:Zomato.ZomatoTest2@53fe15ff]" started-at="2023-05-12T15:24:46 IST" name="signupfunctionality6" finished-at="2023-05-12T15:24:54 IST" duration-ms="8363" status="FAIL">
          <exception class="java.lang.AssertionError">
            <message>
              <![CDATA[expected [false] but found [true]]]>
            </message>
            <full-stacktrace>
              <![CDATA[java.lang.AssertionError: expected [false] but found [true]
at org.testng.Assert.fail(Assert.java:110)
at org.testng.Assert.failNotEquals(Assert.java:1577)
at org.testng.Assert.assertEqualsImpl(Assert.java:149)
at org.testng.Assert.assertEquals(Assert.java:131)
at org.testng.Assert.assertEquals(Assert.java:1066)
at org.testng.Assert.assertEquals(Assert.java:1030)
at org.testng.Assert.assertEquals(Assert.java:1076)
at Zomato.ZomatoTest2.signupfunctionality6(ZomatoTest2.java:143)
at java.base/jdk.internal.reflect.NativeMethodAccessorImpl.invoke0(Native Method)
at java.base/jdk.internal.reflect.NativeMethodAccessorImpl.invoke(NativeMethodAccessorImpl.java:77)
at java.base/jdk.internal.reflect.DelegatingMethodAccessorImpl.invoke(DelegatingMethodAccessorImpl.java:43)
at java.base/java.lang.reflect.Method.invoke(Method.java:568)
at org.testng.internal.invokers.MethodInvocationHelper.invokeMethod(MethodInvocationHelper.java:139)
at org.testng.internal.invokers.TestInvoker.invokeMethod(TestInvoker.java:677)
at org.testng.internal.invokers.TestInvoker.invokeTestMethod(TestInvoker.java:221)
at org.testng.internal.invokers.MethodRunner.runInSequence(MethodRunner.java:50)
at org.testng.internal.invokers.TestInvoker$MethodInvocationAgent.invoke(TestInvoker.java:969)
at org.testng.internal.invokers.TestInvoker.invokeTestMethods(TestInvoker.java:194)
at org.testng.internal.invokers.TestMethodWorker.invokeTestMethods(TestMethodWorker.java:148)
at org.testng.internal.invokers.TestMethodWorker.run(TestMethodWorker.java:128)
at java.base/java.util.ArrayList.forEach(ArrayList.java:1511)
at org.testng.TestRunner.privateRun(TestRunner.java:829)
at org.testng.TestRunner.run(TestRunner.java:602)
at org.testng.SuiteRunner.runTest(SuiteRunner.java:437)
at org.testng.SuiteRunner.runSequentially(SuiteRunner.java:431)
at org.testng.SuiteRunner.privateRun(SuiteRunner.java:391)
at org.testng.SuiteRunner.run(SuiteRunner.java:330)
at org.testng.SuiteRunnerWorker.runSuite(SuiteRunnerWorker.java:52)
at org.testng.SuiteRunnerWorker.run(SuiteRunnerWorker.java:95)
at org.testng.TestNG.runSuitesSequentially(TestNG.java:1256)
at org.testng.TestNG.runSuitesLocally(TestNG.java:1176)
at org.testng.TestNG.runSuites(TestNG.java:1099)
at org.testng.TestNG.run(TestNG.java:1067)
at org.testng.remote.AbstractRemoteTestNG.run(AbstractRemoteTestNG.java:115)
at org.testng.remote.RemoteTestNG.initAndRun(RemoteTestNG.java:251)
at org.testng.remote.RemoteTestNG.main(RemoteTestNG.java:77)
]]>
            </full-stacktrace>
          </exception> <!-- java.lang.AssertionError -->
          <reporter-output>
          </reporter-output>
        </test-method> <!-- signupfunctionality6 -->
        <test-method signature="loginfunctionality1()[pri:8, instance:Zomato.ZomatoTest2@53fe15ff]" started-at="2023-05-12T15:24:54 IST" name="loginfunctionality1" finished-at="2023-05-12T15:25:10 IST" duration-ms="16008" status="PASS">
          <reporter-output>
          </reporter-output>
        </test-method> <!-- loginfunctionality1 -->
        <test-method signature="loginfunctionality2()[pri:9, instance:Zomato.ZomatoTest2@53fe15ff]" started-at="2023-05-12T15:25:10 IST" name="loginfunctionality2" finished-at="2023-05-12T15:25:30 IST" duration-ms="19863" status="PASS">
          <reporter-output>
          </reporter-output>
        </test-method> <!-- loginfunctionality2 -->
        <test-method signature="loginfunctionality3()[pri:10, instance:Zomato.ZomatoTest2@53fe15ff]" started-at="2023-05-12T15:25:30 IST" name="loginfunctionality3" finished-at="2023-05-12T15:25:44 IST" duration-ms="13757" status="PASS">
          <reporter-output>
          </reporter-output>
        </test-method> <!-- loginfunctionality3 -->
        <test-method signature="loginfunctionality4()[pri:11, instance:Zomato.ZomatoTest2@53fe15ff]" started-at="2023-05-12T15:25:44 IST" name="loginfunctionality4" finished-at="2023-05-12T15:25:46 IST" duration-ms="2472" status="PASS">
          <reporter-output>
          </reporter-output>
        </test-method> <!-- loginfunctionality4 -->
        <test-method signature="loginfunctionality5()[pri:12, instance:Zomato.ZomatoTest2@53fe15ff]" started-at="2023-05-12T15:25:46 IST" name="loginfunctionality5" finished-at="2023-05-12T15:26:04 IST" duration-ms="18296" status="PASS">
          <reporter-output>
          </reporter-output>
        </test-method> <!-- loginfunctionality5 -->
        <test-method signature="loginfunctionality6()[pri:12, instance:Zomato.ZomatoTest2@53fe15ff]" started-at="2023-05-12T15:26:04 IST" name="loginfunctionality6" finished-at="2023-05-12T15:26:15 IST" duration-ms="11079" status="PASS">
          <reporter-output>
          </reporter-output>
        </test-method> <!-- loginfunctionality6 -->
        <test-method signature="signupui1()[pri:13, instance:Zomato.ZomatoTest2@53fe15ff]" started-at="2023-05-12T15:26:15 IST" name="signupui1" finished-at="2023-05-12T15:26:23 IST" duration-ms="7116" status="PASS">
          <reporter-output>
          </reporter-output>
        </test-method> <!-- signupui1 -->
        <test-method signature="signupui2()[pri:14, instance:Zomato.ZomatoTest2@53fe15ff]" started-at="2023-05-12T15:26:23 IST" name="signupui2" finished-at="2023-05-12T15:26:26 IST" duration-ms="3039" status="PASS">
          <reporter-output>
          </reporter-output>
        </test-method> <!-- signupui2 -->
        <test-method signature="signupui3()[pri:15, instance:Zomato.ZomatoTest2@53fe15ff]" started-at="2023-05-12T15:26:26 IST" name="signupui3" finished-at="2023-05-12T15:26:29 IST" duration-ms="3046" status="PASS">
          <reporter-output>
          </reporter-output>
        </test-method> <!-- signupui3 -->
        <test-method signature="signupui4()[pri:16, instance:Zomato.ZomatoTest2@53fe15ff]" started-at="2023-05-12T15:26:29 IST" name="signupui4" finished-at="2023-05-12T15:26:32 IST" duration-ms="3045" status="PASS">
          <reporter-output>
          </reporter-output>
        </test-method> <!-- signupui4 -->
        <test-method signature="signupui5()[pri:17, instance:Zomato.ZomatoTest2@53fe15ff]" started-at="2023-05-12T15:26:32 IST" name="signupui5" finished-at="2023-05-12T15:26:35 IST" duration-ms="3047" status="PASS">
          <reporter-output>
          </reporter-output>
        </test-method> <!-- signupui5 -->
        <test-method signature="signupui6()[pri:18, instance:Zomato.ZomatoTest2@53fe15ff]" started-at="2023-05-12T15:26:35 IST" name="signupui6" finished-at="2023-05-12T15:26:38 IST" duration-ms="3041" status="PASS">
          <reporter-output>
          </reporter-output>
        </test-method> <!-- signupui6 -->
        <test-method signature="signupui7()[pri:19, instance:Zomato.ZomatoTest2@53fe15ff]" started-at="2023-05-12T15:26:38 IST" name="signupui7" finished-at="2023-05-12T15:26:41 IST" duration-ms="3044" status="PASS">
          <reporter-output>
          </reporter-output>
        </test-method> <!-- signupui7 -->
        <test-method signature="signupui8()[pri:20, instance:Zomato.ZomatoTest2@53fe15ff]" started-at="2023-05-12T15:26:41 IST" name="signupui8" finished-at="2023-05-12T15:26:44 IST" duration-ms="3043" status="PASS">
          <reporter-output>
          </reporter-output>
        </test-method> <!-- signupui8 -->
        <test-method is-config="true" signature="stop()[pri:0, instance:Zomato.ZomatoTest2@53fe15ff]" started-at="2023-05-12T15:26:44 IST" name="stop" finished-at="2023-05-12T15:26:44 IST" duration-ms="342" status="PASS">
          <reporter-output>
          </reporter-output>
        </test-method> <!-- stop -->
      </class> <!-- Zomato.ZomatoTest2 -->
    </test> <!-- Default test -->
  </suite> <!-- Default suite -->
</testng-results>
